Using pre-set license
Built from '2021.2/release' branch; Version is '2021.2.0f1 (4bf1ec4b23c9) revision 4977132'; Using compiler version '192829333'; Build Type 'Release'
OS: 'Windows 10 Home; OS build 19043.1288; Version 2009; 64bit' Language: 'pl' Physical Memory: 16343 MB
BatchMode: 1, IsHumanControllingUs: 0, StartBugReporterOnCrash: 0, Is64bit: 1, IsPro: 0

COMMAND LINE ARGUMENTS:
D:\Unity\Unity Hub\jakies_cos_nie_wiem_co\2021.2.0f1\Editor\Unity.exe
-adb2
-batchMode
-noUpm
-name
AssetImportWorker1
-projectPath
D:/Unity/ProgramistClicker2
-logFile
Logs/AssetImportWorker1.log
-srvPort
49274
Successfully changed project path to: D:/Unity/ProgramistClicker2
D:/Unity/ProgramistClicker2
[UnityMemory] Configuration Parameters - Can be set up in boot.config
    "memorysetup-bucket-allocator-granularity=16"
    "memorysetup-bucket-allocator-bucket-count=8"
    "memorysetup-bucket-allocator-block-size=33554432"
    "memorysetup-bucket-allocator-block-count=8"
    "memorysetup-main-allocator-block-size=16777216"
    "memorysetup-thread-allocator-block-size=16777216"
    "memorysetup-gfx-main-allocator-block-size=16777216"
    "memorysetup-gfx-thread-allocator-block-size=16777216"
    "memorysetup-cache-allocator-block-size=4194304"
    "memorysetup-typetree-allocator-block-size=2097152"
    "memorysetup-profiler-bucket-allocator-granularity=16"
    "memorysetup-profiler-bucket-allocator-bucket-count=8"
    "memorysetup-profiler-bucket-allocator-block-size=33554432"
    "memorysetup-profiler-bucket-allocator-block-count=8"
    "memorysetup-profiler-allocator-block-size=16777216"
    "memorysetup-profiler-editor-allocator-block-size=1048576"
    "memorysetup-temp-allocator-size-main=16777216"
    "memorysetup-job-temp-allocator-block-size=2097152"
    "memorysetup-job-temp-allocator-block-size-background=1048576"
    "memorysetup-job-temp-allocator-reduction-small-platforms=262144"
    "memorysetup-temp-allocator-size-background-worker=32768"
    "memorysetup-temp-allocator-size-job-worker=262144"
    "memorysetup-temp-allocator-size-preload-manager=33554432"
    "memorysetup-temp-allocator-size-nav-mesh-worker=65536"
    "memorysetup-temp-allocator-size-audio-worker=65536"
    "memorysetup-temp-allocator-size-cloud-worker=32768"
    "memorysetup-temp-allocator-size-gi-baking-worker=262144"
    "memorysetup-temp-allocator-size-gfx=262144"
Refreshing native plugins compatible for Editor in 56.92 ms, found 3 plugins.
Preloading 0 native plugins for Editor in 0.00 ms.
Initialize engine version: 2021.2.0f1 (4bf1ec4b23c9)
[Subsystems] Discovering subsystems at path D:/Unity/Unity Hub/jakies_cos_nie_wiem_co/2021.2.0f1/Editor/Data/Resources/UnitySubsystems
[Subsystems] Discovering subsystems at path D:/Unity/ProgramistClicker2/Assets
GfxDevice: creating device client; threaded=0; jobified=0
Direct3D:
    Version:  Direct3D 11.0 [level 11.1]
    Renderer: NVIDIA GeForce GTX 1060 3GB (ID=0x1c02)
    Vendor:   NVIDIA
    VRAM:     2988 MB
    Driver:   27.21.14.6192
Initialize mono
Mono path[0] = 'D:/Unity/Unity Hub/jakies_cos_nie_wiem_co/2021.2.0f1/Editor/Data/Managed'
Mono path[1] = 'D:/Unity/Unity Hub/jakies_cos_nie_wiem_co/2021.2.0f1/Editor/Data/MonoBleedingEdge/lib/mono/unityjit-win32'
Mono config path = 'D:/Unity/Unity Hub/jakies_cos_nie_wiem_co/2021.2.0f1/Editor/Data/MonoBleedingEdge/etc'
Using monoOptions --debugger-agent=transport=dt_socket,embedding=1,server=y,suspend=n,address=127.0.0.1:56716
Begin MonoManager ReloadAssembly
Registering precompiled unity dll's ...
Register platform support module: D:/Unity/Unity Hub/jakies_cos_nie_wiem_co/2021.2.0f1/Editor/Data/PlaybackEngines/WindowsStandaloneSupport/UnityEditor.WindowsStandalone.Extensions.dll
Registered in 0.004367 seconds.
Native extension for WindowsStandalone target not found
Refreshing native plugins compatible for Editor in 43.84 ms, found 3 plugins.
Preloading 0 native plugins for Editor in 0.00 ms.
Mono: successfully reloaded assembly
- Completed reload, in  1.876 seconds
Domain Reload Profiling:
	ReloadAssembly (1877ms)
		BeginReloadAssembly (128ms)
			ExecutionOrderSort (0ms)
			DisableScriptedObjects (0ms)
			BackupInstance (0ms)
			ReleaseScriptingObjects (0ms)
			CreateAndSetChildDomain (1ms)
		EndReloadAssembly (555ms)
			LoadAssemblies (127ms)
			RebuildTransferFunctionScriptingTraits (0ms)
			SetupTypeCache (124ms)
			ReleaseScriptCaches (0ms)
			RebuildScriptCaches (34ms)
			SetupLoadedEditorAssemblies (336ms)
				LogAssemblyErrors (0ms)
				InitializePlatformSupportModulesInManaged (8ms)
				SetLoadedEditorAssemblies (0ms)
				RefreshPlugins (44ms)
				BeforeProcessingInitializeOnLoad (1ms)
				ProcessInitializeOnLoadAttributes (211ms)
				ProcessInitializeOnLoadMethodAttributes (71ms)
				AfterProcessingInitializeOnLoad (0ms)
				EditorAssembliesLoaded (0ms)
			ExecutionOrderSort2 (0ms)
			AwakeInstancesAfterBackupRestoration (0ms)
Platform modules already initialized, skipping
Registering precompiled user dll's ...
Registered in 0.010261 seconds.
Begin MonoManager ReloadAssembly
Native extension for WindowsStandalone target not found
Refreshing native plugins compatible for Editor in 42.64 ms, found 3 plugins.
Preloading 0 native plugins for Editor in 0.00 ms.
Mono: successfully reloaded assembly
- Completed reload, in  2.002 seconds
Domain Reload Profiling:
	ReloadAssembly (2003ms)
		BeginReloadAssembly (227ms)
			ExecutionOrderSort (0ms)
			DisableScriptedObjects (7ms)
			BackupInstance (0ms)
			ReleaseScriptingObjects (0ms)
			CreateAndSetChildDomain (22ms)
		EndReloadAssembly (1641ms)
			LoadAssemblies (120ms)
			RebuildTransferFunctionScriptingTraits (0ms)
			SetupTypeCache (262ms)
			ReleaseScriptCaches (1ms)
			RebuildScriptCaches (70ms)
			SetupLoadedEditorAssemblies (1082ms)
				LogAssemblyErrors (0ms)
				InitializePlatformSupportModulesInManaged (13ms)
				SetLoadedEditorAssemblies (0ms)
				RefreshPlugins (43ms)
				BeforeProcessingInitializeOnLoad (76ms)
				ProcessInitializeOnLoadAttributes (898ms)
				ProcessInitializeOnLoadMethodAttributes (48ms)
				AfterProcessingInitializeOnLoad (5ms)
				EditorAssembliesLoaded (0ms)
			ExecutionOrderSort2 (0ms)
			AwakeInstancesAfterBackupRestoration (8ms)
Platform modules already initialized, skipping
========================================================================
Worker process is ready to serve import requests
Launched and connected shader compiler UnityShaderCompiler.exe after 0.12 seconds
Refreshing native plugins compatible for Editor in 0.58 ms, found 3 plugins.
Preloading 0 native plugins for Editor in 0.00 ms.
Unloading 2300 Unused Serialized files (Serialized files now loaded: 0)
Unloading 34 unused Assets / (55.8 KB). Loaded Objects now: 2762.
Memory consumption went from 107.4 MB to 107.3 MB.
Total: 3.826400 ms (FindLiveObjects: 0.254000 ms CreateObjectMapping: 0.141800 ms MarkObjects: 3.342800 ms  DeleteObjects: 0.086800 ms)

AssetImportParameters requested are different than current active one (requested -> active):
  custom:video-decoder-ogg-theora: a1e56fd34408186e4bbccfd4996cb3dc -> 
  custom:container-muxer-webm: aa71ff27fc2769a1b78a27578f13a17b -> 
  custom:container-demuxer-webm: 4f35f7cbe854078d1ac9338744f61a02 -> 
  custom:video-encoder-webm-vp8: eb34c28f22e8b96e1ab97ce403110664 -> 
  custom:audio-encoder-webm-vorbis: bf7c407c2cedff20999df2af8eb42d56 -> 
  custom:framework-win-MediaFoundation: 216162199b28c13a410421893ffa2e32 -> 
  custom:container-demuxer-ogg: 62fdf1f143b41e24485cea50d1cbac27 -> 
  custom:video-decoder-webm-vp8: 9c59270c3fd7afecdb556c50c9e8de78 -> 
  custom:audio-decoder-ogg-vorbis: bf7c407c2cedff20999df2af8eb42d56 -> 
========================================================================
Received Import Request.
  Time since last request: 14007.158809 seconds.
  path: Assets/Scripts
  artifactKey: Guid(89035d779efb01440bffd8cbad4ad7c9) Importer(815301076,1909f56bfc062723c751e8b465ee728b)
Start importing Assets/Scripts using Guid(89035d779efb01440bffd8cbad4ad7c9) Importer(815301076,1909f56bfc062723c751e8b465ee728b)  -> (artifact id: 'e926d9151cff79379ecabd6463162074') in 0.008540 seconds 
========================================================================
Received Import Request.
  Time since last request: 0.000023 seconds.
  path: Assets/Scenes/MainScene.unity
  artifactKey: Guid(88d82afc777f3524c830ac793ab73cf1) Importer(815301076,1909f56bfc062723c751e8b465ee728b)
Start importing Assets/Scenes/MainScene.unity using Guid(88d82afc777f3524c830ac793ab73cf1) Importer(815301076,1909f56bfc062723c751e8b465ee728b)  -> (artifact id: '8e545c1fbfaa7f860c133cf3ed79ec43') in 0.017003 seconds 
========================================================================
Received Import Request.
  Time since last request: 0.000021 seconds.
  path: Assets/Scenes
  artifactKey: Guid(56ca8b97ac4c1404f82c7b5bb87c6a6b) Importer(815301076,1909f56bfc062723c751e8b465ee728b)
Start importing Assets/Scenes using Guid(56ca8b97ac4c1404f82c7b5bb87c6a6b) Importer(815301076,1909f56bfc062723c751e8b465ee728b)  -> (artifact id: '6e9366d15e98c98c87bd3511da53f19b') in 0.007568 seconds 
========================================================================
Received Import Request.
  Time since last request: 0.000022 seconds.
  path: Assets/Scenes/SampleScene.unity
  artifactKey: Guid(2cda990e2423bbf4892e6590ba056729) Importer(815301076,1909f56bfc062723c751e8b465ee728b)
Start importing Assets/Scenes/SampleScene.unity using Guid(2cda990e2423bbf4892e6590ba056729) Importer(815301076,1909f56bfc062723c751e8b465ee728b)  -> (artifact id: 'd8b1632e9ab3f926c6316b1407dd0802') in 0.007486 seconds 
========================================================================
Received Import Request.
  Time since last request: 78.477553 seconds.
  path: Assets/Scripts/ProgressBar.cs
  artifactKey: Guid(308d3c0768a201f40ad92a83437fe888) Importer(815301076,1909f56bfc062723c751e8b465ee728b)
Start importing Assets/Scripts/ProgressBar.cs using Guid(308d3c0768a201f40ad92a83437fe888) Importer(815301076,1909f56bfc062723c751e8b465ee728b)  -> (artifact id: 'abe7f8a960c8a35f196cbec94796ade9') in 0.046608 seconds 
========================================================================
Received Import Request.
  Time since last request: 0.484835 seconds.
  path: Assets/Scripts/ChaningTabs.cs
  artifactKey: Guid(b7a07af45f28f484d9c1aab684279468) Importer(815301076,1909f56bfc062723c751e8b465ee728b)
Start importing Assets/Scripts/ChaningTabs.cs using Guid(b7a07af45f28f484d9c1aab684279468) Importer(815301076,1909f56bfc062723c751e8b465ee728b)  -> (artifact id: '86d4935cbb520c6344527372ca9d5e11') in 0.007814 seconds 
========================================================================
Received Import Request.
  Time since last request: 105.687616 seconds.
  path: Assets/Fonts
  artifactKey: Guid(2f8302f0205cfb6499d5a94701cef032) Importer(815301076,1909f56bfc062723c751e8b465ee728b)
Start importing Assets/Fonts using Guid(2f8302f0205cfb6499d5a94701cef032) Importer(815301076,1909f56bfc062723c751e8b465ee728b)  -> (artifact id: 'c774c679ba54efabc4633388cb05cafd') in 0.008436 seconds 
========================================================================
Received Import Request.
  Time since last request: 0.021954 seconds.
  path: Assets/Fonts/VCR_OSD_MONO_1.001.ttf
  artifactKey: Guid(dacc39e71d25d844da04f2216f30765a) Importer(815301076,1909f56bfc062723c751e8b465ee728b)
Start importing Assets/Fonts/VCR_OSD_MONO_1.001.ttf using Guid(dacc39e71d25d844da04f2216f30765a) Importer(815301076,1909f56bfc062723c751e8b465ee728b)  -> (artifact id: 'e01ab3f65da9375cdbc7a27af0adaf23') in 0.125650 seconds 
========================================================================
Received Import Request.
  Time since last request: 101.268967 seconds.
  path: Assets/Textures
  artifactKey: Guid(e8e09726fa6e1114d8a9b95edbd6e53e) Importer(815301076,1909f56bfc062723c751e8b465ee728b)
Start importing Assets/Textures using Guid(e8e09726fa6e1114d8a9b95edbd6e53e) Importer(815301076,1909f56bfc062723c751e8b465ee728b)  -> (artifact id: '42a16db55bab8544a6097fcba557b40f') in 0.008425 seconds 
========================================================================
Received Import Request.
  Time since last request: 0.043194 seconds.
  path: Assets/Textures/coding_icon.png
  artifactKey: Guid(8302233b1f3a07a46b629b2ee9721c1d) Importer(815301076,1909f56bfc062723c751e8b465ee728b)
Start importing Assets/Textures/coding_icon.png using Guid(8302233b1f3a07a46b629b2ee9721c1d) Importer(815301076,1909f56bfc062723c751e8b465ee728b)  -> (artifact id: 'a458368e9be549114b784a6d0546fa3c') in 0.123589 seconds 
========================================================================
Received Import Request.
  Time since last request: 0.000023 seconds.
  path: Assets/Textures/settings_icon.png
  artifactKey: Guid(ed0beab930dfaad42b98fa4ae9cd0a65) Importer(815301076,1909f56bfc062723c751e8b465ee728b)
Start importing Assets/Textures/settings_icon.png using Guid(ed0beab930dfaad42b98fa4ae9cd0a65) Importer(815301076,1909f56bfc062723c751e8b465ee728b)  -> (artifact id: '75202cecd4dade91d30d564d3e55a96c') in 0.105455 seconds 
========================================================================
Received Import Request.
  Time since last request: 0.000597 seconds.
  path: Assets/Textures/zlecenia_icon.png
  artifactKey: Guid(5ce24eedd1fc7c043a29c5efd44ffcb2) Importer(815301076,1909f56bfc062723c751e8b465ee728b)
Start importing Assets/Textures/zlecenia_icon.png using Guid(5ce24eedd1fc7c043a29c5efd44ffcb2) Importer(815301076,1909f56bfc062723c751e8b465ee728b)  -> (artifact id: 'f1cc5e65211f7f24c2b196f7ee255b42') in 0.034093 seconds 
========================================================================
Received Import Request.
  Time since last request: 0.000028 seconds.
  path: Assets/Textures/upgrades_icon.png
  artifactKey: Guid(01ee19607f8a2c349b0a436d4c15ee8c) Importer(815301076,1909f56bfc062723c751e8b465ee728b)
Start importing Assets/Textures/upgrades_icon.png using Guid(01ee19607f8a2c349b0a436d4c15ee8c) Importer(815301076,1909f56bfc062723c751e8b465ee728b)  -> (artifact id: 'a7b2b6726d9f5a4deab42914b18a030d') in 0.040769 seconds 
========================================================================
Received Import Request.
  Time since last request: 9.058979 seconds.
  path: Assets/Textures/coding_icon2.png
  artifactKey: Guid(7365c10a23ce48f41883e4c3cd7c8468) Importer(815301076,1909f56bfc062723c751e8b465ee728b)
Start importing Assets/Textures/coding_icon2.png using Guid(7365c10a23ce48f41883e4c3cd7c8468) Importer(815301076,1909f56bfc062723c751e8b465ee728b)  -> (artifact id: '384d217da50ee5bce91f2defc894a264') in 0.037905 seconds 
========================================================================
Received Prepare
Registering precompiled user dll's ...
Registered in 0.007205 seconds.
Begin MonoManager ReloadAssembly
Native extension for WindowsStandalone target not found
Refreshing native plugins compatible for Editor in 0.62 ms, found 3 plugins.
Preloading 0 native plugins for Editor in 0.00 ms.
Mono: successfully reloaded assembly
- Completed reload, in  1.383 seconds
Domain Reload Profiling:
	ReloadAssembly (1384ms)
		BeginReloadAssembly (199ms)
			ExecutionOrderSort (0ms)
			DisableScriptedObjects (8ms)
			BackupInstance (0ms)
			ReleaseScriptingObjects (0ms)
			CreateAndSetChildDomain (43ms)
		EndReloadAssembly (1062ms)
			LoadAssemblies (149ms)
			RebuildTransferFunctionScriptingTraits (0ms)
			SetupTypeCache (221ms)
			ReleaseScriptCaches (1ms)
			RebuildScriptCaches (57ms)
			SetupLoadedEditorAssemblies (492ms)
				LogAssemblyErrors (0ms)
				InitializePlatformSupportModulesInManaged (13ms)
				SetLoadedEditorAssemblies (0ms)
				RefreshPlugins (1ms)
				BeforeProcessingInitializeOnLoad (67ms)
				ProcessInitializeOnLoadAttributes (371ms)
				ProcessInitializeOnLoadMethodAttributes (35ms)
				AfterProcessingInitializeOnLoad (5ms)
				EditorAssembliesLoaded (0ms)
			ExecutionOrderSort2 (0ms)
			AwakeInstancesAfterBackupRestoration (17ms)
Platform modules already initialized, skipping
Switching build target platform(19) subTarget(0) extendedPlatform(0) -> platform(13) subTarget(0) extendedPlatform(0)
Refreshing native plugins compatible for Editor in 0.56 ms, found 3 plugins.
Preloading 0 native plugins for Editor in 0.00 ms.
Unloading 2298 Unused Serialized files (Serialized files now loaded: 0)
Unloading 23 unused Assets / (24.6 KB). Loaded Objects now: 2902.
Memory consumption went from 115.5 MB to 115.5 MB.
Total: 4.486500 ms (FindLiveObjects: 0.301700 ms CreateObjectMapping: 0.129800 ms MarkObjects: 4.022700 ms  DeleteObjects: 0.031300 ms)

AssetImportParameters requested are different than current active one (requested -> active):
  custom:video-decoder-ogg-theora: a1e56fd34408186e4bbccfd4996cb3dc -> 
  custom:container-muxer-webm: aa71ff27fc2769a1b78a27578f13a17b -> 
  custom:container-demuxer-webm: 4f35f7cbe854078d1ac9338744f61a02 -> 
  custom:video-encoder-webm-vp8: eb34c28f22e8b96e1ab97ce403110664 -> 
  custom:audio-encoder-webm-vorbis: bf7c407c2cedff20999df2af8eb42d56 -> 
  custom:framework-win-MediaFoundation: 216162199b28c13a410421893ffa2e32 -> 
  custom:container-demuxer-ogg: 62fdf1f143b41e24485cea50d1cbac27 -> 
  custom:video-decoder-webm-vp8: 9c59270c3fd7afecdb556c50c9e8de78 -> 
  custom:audio-decoder-ogg-vorbis: bf7c407c2cedff20999df2af8eb42d56 -> 
========================================================================
Received Import Request.
  Time since last request: 303.189017 seconds.
  path: Assets/Textures/upgrades_cion2.png
  artifactKey: Guid(fa8479cfc4bf1064fa28b615d6226210) Importer(815301076,1909f56bfc062723c751e8b465ee728b)
Start importing Assets/Textures/upgrades_cion2.png using Guid(fa8479cfc4bf1064fa28b615d6226210) Importer(815301076,1909f56bfc062723c751e8b465ee728b)  -> (artifact id: '195e379176340be7dd4dc43928406ffb') in 0.087415 seconds 
========================================================================
Received Import Request.
  Time since last request: 31.050274 seconds.
  path: Assets/Textures/zlecenia_icon2.png
  artifactKey: Guid(6252679f210140f4493b9b476be4bf55) Importer(815301076,1909f56bfc062723c751e8b465ee728b)
Start importing Assets/Textures/zlecenia_icon2.png using Guid(6252679f210140f4493b9b476be4bf55) Importer(815301076,1909f56bfc062723c751e8b465ee728b)  -> (artifact id: '46fa23c6b2f62290002e65c50a1a2b3e') in 0.035705 seconds 
========================================================================
Received Prepare
Registering precompiled user dll's ...
Registered in 0.012267 seconds.
Begin MonoManager ReloadAssembly
Native extension for WindowsStandalone target not found
Refreshing native plugins compatible for Editor in 0.82 ms, found 3 plugins.
Preloading 0 native plugins for Editor in 0.00 ms.
Mono: successfully reloaded assembly
- Completed reload, in  2.375 seconds
Domain Reload Profiling:
	ReloadAssembly (2376ms)
		BeginReloadAssembly (636ms)
			ExecutionOrderSort (0ms)
			DisableScriptedObjects (8ms)
			BackupInstance (0ms)
			ReleaseScriptingObjects (0ms)
			CreateAndSetChildDomain (48ms)
		EndReloadAssembly (1588ms)
			LoadAssemblies (598ms)
			RebuildTransferFunctionScriptingTraits (0ms)
			SetupTypeCache (366ms)
			ReleaseScriptCaches (2ms)
			RebuildScriptCaches (83ms)
			SetupLoadedEditorAssemblies (761ms)
				LogAssemblyErrors (0ms)
				InitializePlatformSupportModulesInManaged (19ms)
				SetLoadedEditorAssemblies (1ms)
				RefreshPlugins (1ms)
				BeforeProcessingInitializeOnLoad (97ms)
				ProcessInitializeOnLoadAttributes (573ms)
				ProcessInitializeOnLoadMethodAttributes (61ms)
				AfterProcessingInitializeOnLoad (8ms)
				EditorAssembliesLoaded (0ms)
			ExecutionOrderSort2 (0ms)
			AwakeInstancesAfterBackupRestoration (25ms)
Platform modules already initialized, skipping
Switching build target platform(19) subTarget(0) extendedPlatform(0) -> platform(13) subTarget(0) extendedPlatform(0)
Refreshing native plugins compatible for Editor in 1.23 ms, found 3 plugins.
Preloading 0 native plugins for Editor in 0.00 ms.
Unloading 2294 Unused Serialized files (Serialized files now loaded: 0)
Unloading 23 unused Assets / (24.6 KB). Loaded Objects now: 2934.
Memory consumption went from 116.7 MB to 116.7 MB.
Total: 4.751000 ms (FindLiveObjects: 0.258000 ms CreateObjectMapping: 0.170000 ms MarkObjects: 4.288300 ms  DeleteObjects: 0.032900 ms)

AssetImportParameters requested are different than current active one (requested -> active):
  custom:video-decoder-ogg-theora: a1e56fd34408186e4bbccfd4996cb3dc -> 
  custom:container-muxer-webm: aa71ff27fc2769a1b78a27578f13a17b -> 
  custom:container-demuxer-webm: 4f35f7cbe854078d1ac9338744f61a02 -> 
  custom:video-encoder-webm-vp8: eb34c28f22e8b96e1ab97ce403110664 -> 
  custom:audio-encoder-webm-vorbis: bf7c407c2cedff20999df2af8eb42d56 -> 
  custom:framework-win-MediaFoundation: 216162199b28c13a410421893ffa2e32 -> 
  custom:container-demuxer-ogg: 62fdf1f143b41e24485cea50d1cbac27 -> 
  custom:video-decoder-webm-vp8: 9c59270c3fd7afecdb556c50c9e8de78 -> 
  custom:audio-decoder-ogg-vorbis: bf7c407c2cedff20999df2af8eb42d56 -> 
========================================================================
Received Prepare
Registering precompiled user dll's ...
Registered in 0.007749 seconds.
Begin MonoManager ReloadAssembly
Native extension for WindowsStandalone target not found
Refreshing native plugins compatible for Editor in 0.72 ms, found 3 plugins.
Preloading 0 native plugins for Editor in 0.00 ms.
Mono: successfully reloaded assembly
- Completed reload, in  1.965 seconds
Domain Reload Profiling:
	ReloadAssembly (1966ms)
		BeginReloadAssembly (201ms)
			ExecutionOrderSort (0ms)
			DisableScriptedObjects (10ms)
			BackupInstance (0ms)
			ReleaseScriptingObjects (0ms)
			CreateAndSetChildDomain (44ms)
		EndReloadAssembly (1583ms)
			LoadAssemblies (173ms)
			RebuildTransferFunctionScriptingTraits (0ms)
			SetupTypeCache (334ms)
			ReleaseScriptCaches (2ms)
			RebuildScriptCaches (75ms)
			SetupLoadedEditorAssemblies (737ms)
				LogAssemblyErrors (0ms)
				InitializePlatformSupportModulesInManaged (20ms)
				SetLoadedEditorAssemblies (1ms)
				RefreshPlugins (1ms)
				BeforeProcessingInitializeOnLoad (97ms)
				ProcessInitializeOnLoadAttributes (555ms)
				ProcessInitializeOnLoadMethodAttributes (58ms)
				AfterProcessingInitializeOnLoad (6ms)
				EditorAssembliesLoaded (0ms)
			ExecutionOrderSort2 (0ms)
			AwakeInstancesAfterBackupRestoration (28ms)
Platform modules already initialized, skipping
Switching build target platform(19) subTarget(0) extendedPlatform(0) -> platform(13) subTarget(0) extendedPlatform(0)
Refreshing native plugins compatible for Editor in 0.89 ms, found 3 plugins.
Preloading 0 native plugins for Editor in 0.00 ms.
Unloading 2292 Unused Serialized files (Serialized files now loaded: 0)
Unloading 23 unused Assets / (24.7 KB). Loaded Objects now: 2936.
Memory consumption went from 116.6 MB to 116.6 MB.
Total: 4.944100 ms (FindLiveObjects: 0.343600 ms CreateObjectMapping: 0.611700 ms MarkObjects: 3.957600 ms  DeleteObjects: 0.029700 ms)

AssetImportParameters requested are different than current active one (requested -> active):
  custom:video-decoder-ogg-theora: a1e56fd34408186e4bbccfd4996cb3dc -> 
  custom:container-muxer-webm: aa71ff27fc2769a1b78a27578f13a17b -> 
  custom:container-demuxer-webm: 4f35f7cbe854078d1ac9338744f61a02 -> 
  custom:video-encoder-webm-vp8: eb34c28f22e8b96e1ab97ce403110664 -> 
  custom:audio-encoder-webm-vorbis: bf7c407c2cedff20999df2af8eb42d56 -> 
  custom:framework-win-MediaFoundation: 216162199b28c13a410421893ffa2e32 -> 
  custom:container-demuxer-ogg: 62fdf1f143b41e24485cea50d1cbac27 -> 
  custom:video-decoder-webm-vp8: 9c59270c3fd7afecdb556c50c9e8de78 -> 
  custom:audio-decoder-ogg-vorbis: bf7c407c2cedff20999df2af8eb42d56 -> 
========================================================================
Received Import Request.
  Time since last request: 206.819046 seconds.
  path: Assets/Scripts/ChaningTabs.cs
  artifactKey: Guid(b7a07af45f28f484d9c1aab684279468) Importer(815301076,1909f56bfc062723c751e8b465ee728b)
Start importing Assets/Scripts/ChaningTabs.cs using Guid(b7a07af45f28f484d9c1aab684279468) Importer(815301076,1909f56bfc062723c751e8b465ee728b)  -> (artifact id: '1b0a129182e1301eafb56b0d7bf96657') in 0.012492 seconds 
========================================================================
Received Import Request.
  Time since last request: 0.638729 seconds.
  path: Assets/Scripts/CodeProgress.cs
  artifactKey: Guid(14f923e06097ff14495b8287c6185da5) Importer(815301076,1909f56bfc062723c751e8b465ee728b)
Start importing Assets/Scripts/CodeProgress.cs using Guid(14f923e06097ff14495b8287c6185da5) Importer(815301076,1909f56bfc062723c751e8b465ee728b)  -> (artifact id: 'd67971adf1e17f2df91cbfc8899db8bb') in 0.008976 seconds 
